<?xml version="1.0" encoding="UTF-8"?>
<testng-results ignored="0" total="1" passed="1" failed="0" skipped="0">
  <reporter-output>
  </reporter-output>
  <suite started-at="2025-10-09T23:52:16 IST" name="Default suite" finished-at="2025-10-09T23:52:47 IST" duration-ms="30968">
    <groups>
    </groups>
    <test started-at="2025-10-09T23:52:16 IST" name="Default test" finished-at="2025-10-09T23:52:47 IST" duration-ms="30968">
      <class name="OpenQA.testcases.TextBoxTest2">
        <test-method is-config="true" signature="LaunchApplication()[pri:0, instance:OpenQA.testcases.TextBoxTest2@6025e1b6]" started-at="2025-10-09T23:52:16 IST" name="LaunchApplication" finished-at="2025-10-09T23:52:37 IST" duration-ms="20351" status="PASS">
          <reporter-output>
          </reporter-output>
        </test-method> <!-- LaunchApplication -->
        <test-method signature="confJumponTextBoxPage()[pri:0, instance:OpenQA.testcases.TextBoxTest2@6025e1b6]" started-at="2025-10-09T23:52:37 IST" name="confJumponTextBoxPage" finished-at="2025-10-09T23:52:47 IST" duration-ms="10589" status="PASS">
          <reporter-output>
          </reporter-output>
        </test-method> <!-- confJumponTextBoxPage -->
        <test-method is-config="true" signature="closeBrowser()[pri:0, instance:OpenQA.testcases.TextBoxTest2@6025e1b6]" started-at="2025-10-09T23:52:47 IST" name="closeBrowser" finished-at="2025-10-09T23:52:47 IST" duration-ms="1" status="PASS">
          <reporter-output>
          </reporter-output>
        </test-method> <!-- closeBrowser -->
      </class> <!-- OpenQA.testcases.TextBoxTest2 -->
    </test> <!-- Default test -->
  </suite> <!-- Default suite -->
</testng-results>
