<?xml version="1.0" encoding="UTF-8"?>
<testng-results ignored="0" total="1" passed="1" failed="0" skipped="0">
  <reporter-output>
  </reporter-output>
  <suite started-at="2025-10-08T23:09:34 IST" name="Default suite" finished-at="2025-10-08T23:11:32 IST" duration-ms="118086">
    <groups>
    </groups>
    <test started-at="2025-10-08T23:09:34 IST" name="Default test" finished-at="2025-10-08T23:11:32 IST" duration-ms="118086">
      <class name="OpenQA.testcases.ElementTest">
        <test-method signature="jumpToElements()[pri:0, instance:OpenQA.testcases.ElementTest@18a136ac]" started-at="2025-10-08T23:09:34 IST" name="jumpToElements" finished-at="2025-10-08T23:11:32 IST" duration-ms="118063" status="PASS">
          <reporter-output>
          </reporter-output>
        </test-method> <!-- jumpToElements -->
      </class> <!-- OpenQA.testcases.ElementTest -->
    </test> <!-- Default test -->
  </suite> <!-- Default suite -->
</testng-results>
